Using pre-set license
Built from '2021.1/staging' branch; Version is '2021.1.6f1 (c0fade0cc7e9) revision 12647134'; Using compiler version '192528614'; Build Type 'Release'
OS: 'Windows 10 Home; OS build 19042.867; Version 2009; 64bit' Language: 'en' Physical Memory: 16282 MB
BatchMode: 1, IsHumanControllingUs: 0, StartBugReporterOnCrash: 0, Is64bit: 1, IsPro: 0

 COMMAND LINE ARGUMENTS:
C:\Program Files\Unity 2021.1.6f1\Editor\Unity.exe
-adb2
-batchMode
-noUpm
-name
AssetImportWorker0
-projectPath
C:/Users/Kidd/Desktop/GetOutOfThoseStocks/GetOutOfThoseStocks
-logFile
Logs/AssetImportWorker0.log
-srvPort
6266
Successfully changed project path to: C:/Users/Kidd/Desktop/GetOutOfThoseStocks/GetOutOfThoseStocks
C:/Users/Kidd/Desktop/GetOutOfThoseStocks/GetOutOfThoseStocks
Using Asset Import Pipeline V2.
Refreshing native plugins compatible for Editor in 108.89 ms, found 2 plugins.
Preloading 0 native plugins for Editor in 0.00 ms.
Initialize engine version: 2021.1.6f1 (c0fade0cc7e9)
[Subsystems] Discovering subsystems at path C:/Program Files/Unity 2021.1.6f1/Editor/Data/Resources/UnitySubsystems
[Subsystems] Discovering subsystems at path C:/Users/Kidd/Desktop/GetOutOfThoseStocks/GetOutOfThoseStocks/Assets
GfxDevice: creating device client; threaded=0; jobified=0
Direct3D:
    Version:  Direct3D 11.0 [level 11.1]
    Renderer: NVIDIA GeForce RTX 2080 with Max-Q Design (ID=0x1e90)
    Vendor:   NVIDIA
    VRAM:     8010 MB
    Driver:   25.21.14.1759
Initialize mono
Mono path[0] = 'C:/Program Files/Unity 2021.1.6f1/Editor/Data/Managed'
Mono path[1] = 'C:/Program Files/Unity 2021.1.6f1/Editor/Data/MonoBleedingEdge/lib/mono/unityjit'
Mono config path = 'C:/Program Files/Unity 2021.1.6f1/Editor/Data/MonoBleedingEdge/etc'
Using monoOptions --debugger-agent=transport=dt_socket,embedding=1,server=y,suspend=n,address=127.0.0.1:56532
Begin MonoManager ReloadAssembly
Registering precompiled unity dll's ...
Register platform support module: C:/Program Files/Unity 2021.1.6f1/Editor/Data/PlaybackEngines/WindowsStandaloneSupport/UnityEditor.WindowsStandalone.Extensions.dll
Registered in 0.004473 seconds.
Native extension for WindowsStandalone target not found
Refreshing native plugins compatible for Editor in 155.94 ms, found 2 plugins.
Preloading 0 native plugins for Editor in 0.00 ms.
Mono: successfully reloaded assembly
- Completed reload, in  2.577 seconds
Platform modules already initialized, skipping
Registering precompiled user dll's ...
Registered in 0.008813 seconds.
Begin MonoManager ReloadAssembly
Native extension for WindowsStandalone target not found
Refreshing native plugins compatible for Editor in 106.83 ms, found 2 plugins.
Preloading 0 native plugins for Editor in 0.00 ms.
Mono: successfully reloaded assembly
- Completed reload, in  1.381 seconds
Platform modules already initialized, skipping
========================================================================
Worker process is ready to serve import requests
Launched and connected shader compiler UnityShaderCompiler.exe after 0.07 seconds
Refreshing native plugins compatible for Editor in 0.62 ms, found 2 plugins.
Preloading 0 native plugins for Editor in 0.00 ms.
Unloading 3377 Unused Serialized files (Serialized files now loaded: 0)
System memory in use before: 128.1 MB.
System memory in use after: 128.2 MB.

Unloading 29 unused Assets to reduce memory usage. Loaded Objects now: 3831.
Total: 3.039600 ms (FindLiveObjects: 0.394400 ms CreateObjectMapping: 0.224500 ms MarkObjects: 2.261000 ms  DeleteObjects: 0.158600 ms)

========================================================================
Received Import Request.
  path: Assets/Scenes/MultipleRoomTest.unity
  artifactKey: Guid(be8277548aec7434f94801dc176933a4) Importer(815301076,1909f56bfc062723c751e8b465ee728b)
Start importing Assets/Scenes/MultipleRoomTest.unity using Guid(be8277548aec7434f94801dc176933a4) Importer(815301076,1909f56bfc062723c751e8b465ee728b)  -> (artifact id: '30058b763eea212da67411059e97deb5') in 0.015681 seconds 
========================================================================
Received Prepare
Registering precompiled user dll's ...
Registered in 0.008468 seconds.
Begin MonoManager ReloadAssembly
Native extension for WindowsStandalone target not found
Refreshing native plugins compatible for Editor in 0.77 ms, found 2 plugins.
Preloading 0 native plugins for Editor in 0.00 ms.
Mono: successfully reloaded assembly
- Completed reload, in  1.317 seconds
Platform modules already initialized, skipping
Refreshing native plugins compatible for Editor in 0.65 ms, found 2 plugins.
Preloading 0 native plugins for Editor in 0.00 ms.
Unloading 3372 Unused Serialized files (Serialized files now loaded: 0)
System memory in use before: 128.1 MB.
System memory in use after: 128.2 MB.

Unloading 17 unused Assets to reduce memory usage. Loaded Objects now: 3835.
Total: 2.803600 ms (FindLiveObjects: 0.265700 ms CreateObjectMapping: 0.173200 ms MarkObjects: 2.266900 ms  DeleteObjects: 0.096800 ms)

========================================================================
Received Prepare
Registering precompiled user dll's ...
Registered in 0.007258 seconds.
Begin MonoManager ReloadAssembly
Native extension for WindowsStandalone target not found
Refreshing native plugins compatible for Editor in 1.07 ms, found 2 plugins.
Preloading 0 native plugins for Editor in 0.00 ms.
Mono: successfully reloaded assembly
- Completed reload, in  1.210 seconds
Platform modules already initialized, skipping
Refreshing native plugins compatible for Editor in 0.62 ms, found 2 plugins.
Preloading 0 native plugins for Editor in 0.00 ms.
Unloading 3372 Unused Serialized files (Serialized files now loaded: 0)
System memory in use before: 128.2 MB.
System memory in use after: 128.3 MB.

Unloading 17 unused Assets to reduce memory usage. Loaded Objects now: 3839.
Total: 2.789800 ms (FindLiveObjects: 0.262300 ms CreateObjectMapping: 0.153300 ms MarkObjects: 2.268000 ms  DeleteObjects: 0.104600 ms)

========================================================================
Received Prepare
Registering precompiled user dll's ...
Registered in 0.007484 seconds.
Begin MonoManager ReloadAssembly
Native extension for WindowsStandalone target not found
Refreshing native plugins compatible for Editor in 0.74 ms, found 2 plugins.
Preloading 0 native plugins for Editor in 0.00 ms.
Mono: successfully reloaded assembly
- Completed reload, in  1.372 seconds
Platform modules already initialized, skipping
Refreshing native plugins compatible for Editor in 0.67 ms, found 2 plugins.
Preloading 0 native plugins for Editor in 0.00 ms.
Unloading 3372 Unused Serialized files (Serialized files now loaded: 0)
System memory in use before: 128.2 MB.
System memory in use after: 128.3 MB.

Unloading 17 unused Assets to reduce memory usage. Loaded Objects now: 3843.
Total: 3.205400 ms (FindLiveObjects: 0.298600 ms CreateObjectMapping: 0.167300 ms MarkObjects: 2.626400 ms  DeleteObjects: 0.111800 ms)

========================================================================
Received Prepare
Registering precompiled user dll's ...
Registered in 0.019640 seconds.
Begin MonoManager ReloadAssembly
Native extension for WindowsStandalone target not found
Refreshing native plugins compatible for Editor in 0.82 ms, found 2 plugins.
Preloading 0 native plugins for Editor in 0.00 ms.
Mono: successfully reloaded assembly
- Completed reload, in  1.768 seconds
Platform modules already initialized, skipping
Refreshing native plugins compatible for Editor in 0.78 ms, found 2 plugins.
Preloading 0 native plugins for Editor in 0.00 ms.
Unloading 3372 Unused Serialized files (Serialized files now loaded: 0)
System memory in use before: 128.3 MB.
System memory in use after: 128.4 MB.

Unloading 17 unused Assets to reduce memory usage. Loaded Objects now: 3847.
Total: 2.844500 ms (FindLiveObjects: 0.278100 ms CreateObjectMapping: 0.174600 ms MarkObjects: 2.289000 ms  DeleteObjects: 0.101600 ms)

========================================================================
Received Prepare
Registering precompiled user dll's ...
Registered in 0.008305 seconds.
Begin MonoManager ReloadAssembly
Native extension for WindowsStandalone target not found
Refreshing native plugins compatible for Editor in 0.66 ms, found 2 plugins.
Preloading 0 native plugins for Editor in 0.00 ms.
Mono: successfully reloaded assembly
- Completed reload, in  1.342 seconds
Platform modules already initialized, skipping
Refreshing native plugins compatible for Editor in 0.73 ms, found 2 plugins.
Preloading 0 native plugins for Editor in 0.00 ms.
Unloading 3372 Unused Serialized files (Serialized files now loaded: 0)
System memory in use before: 128.3 MB.
System memory in use after: 128.4 MB.

Unloading 17 unused Assets to reduce memory usage. Loaded Objects now: 3851.
Total: 2.886400 ms (FindLiveObjects: 0.279900 ms CreateObjectMapping: 0.169200 ms MarkObjects: 2.328200 ms  DeleteObjects: 0.108200 ms)

========================================================================
Received Import Request.
  Time since last request: 514.280452 seconds.
  path: Assets/Scenes/Ben Test.unity
  artifactKey: Guid(2cda990e2423bbf4892e6590ba056729) Importer(815301076,1909f56bfc062723c751e8b465ee728b)
Start importing Assets/Scenes/Ben Test.unity using Guid(2cda990e2423bbf4892e6590ba056729) Importer(815301076,1909f56bfc062723c751e8b465ee728b)  -> (artifact id: '3e6c1a608e755816178f07155da2074c') in 0.039887 seconds 
========================================================================
Received Prepare
Registering precompiled user dll's ...
Registered in 0.007128 seconds.
Begin MonoManager ReloadAssembly
Native extension for WindowsStandalone target not found
Refreshing native plugins compatible for Editor in 0.64 ms, found 2 plugins.
Preloading 0 native plugins for Editor in 0.00 ms.
Mono: successfully reloaded assembly
- Completed reload, in  1.403 seconds
Platform modules already initialized, skipping
Refreshing native plugins compatible for Editor in 1.07 ms, found 2 plugins.
Preloading 0 native plugins for Editor in 0.00 ms.
Unloading 3372 Unused Serialized files (Serialized files now loaded: 0)
System memory in use before: 128.3 MB.
System memory in use after: 128.4 MB.

Unloading 17 unused Assets to reduce memory usage. Loaded Objects now: 3855.
Total: 9.485900 ms (FindLiveObjects: 0.648400 ms CreateObjectMapping: 1.003200 ms MarkObjects: 7.275000 ms  DeleteObjects: 0.556400 ms)

========================================================================
Received Prepare
Registering precompiled user dll's ...
Registered in 0.008858 seconds.
Begin MonoManager ReloadAssembly
Native extension for WindowsStandalone target not found
Refreshing native plugins compatible for Editor in 0.90 ms, found 2 plugins.
Preloading 0 native plugins for Editor in 0.00 ms.
Mono: successfully reloaded assembly
- Completed reload, in  1.559 seconds
Platform modules already initialized, skipping
Refreshing native plugins compatible for Editor in 0.80 ms, found 2 plugins.
Preloading 0 native plugins for Editor in 0.00 ms.
Unloading 3372 Unused Serialized files (Serialized files now loaded: 0)
System memory in use before: 128.3 MB.
System memory in use after: 128.4 MB.

Unloading 17 unused Assets to reduce memory usage. Loaded Objects now: 3859.
Total: 4.029400 ms (FindLiveObjects: 0.386900 ms CreateObjectMapping: 0.331300 ms MarkObjects: 3.202200 ms  DeleteObjects: 0.107400 ms)

========================================================================
Received Prepare
Registering precompiled user dll's ...
Registered in 0.007552 seconds.
Begin MonoManager ReloadAssembly
Native extension for WindowsStandalone target not found
Refreshing native plugins compatible for Editor in 0.90 ms, found 2 plugins.
Preloading 0 native plugins for Editor in 0.00 ms.
Mono: successfully reloaded assembly
- Completed reload, in  1.890 seconds
Platform modules already initialized, skipping
Refreshing native plugins compatible for Editor in 0.78 ms, found 2 plugins.
Preloading 0 native plugins for Editor in 0.00 ms.
Unloading 3372 Unused Serialized files (Serialized files now loaded: 0)
System memory in use before: 128.3 MB.
System memory in use after: 128.4 MB.

Unloading 17 unused Assets to reduce memory usage. Loaded Objects now: 3863.
Total: 2.862600 ms (FindLiveObjects: 0.277000 ms CreateObjectMapping: 0.177600 ms MarkObjects: 2.301000 ms  DeleteObjects: 0.106200 ms)

========================================================================
Received Import Request.
  Time since last request: 422.345522 seconds.
  path: Assets/Scenes
  artifactKey: Guid(36d49cbb91e39244791d49ecd3e1d6e9) Importer(815301076,1909f56bfc062723c751e8b465ee728b)
Start importing Assets/Scenes using Guid(36d49cbb91e39244791d49ecd3e1d6e9) Importer(815301076,1909f56bfc062723c751e8b465ee728b)  -> (artifact id: 'bf49c9878c1d4e78f064295eaa22b839') in 0.010342 seconds 
========================================================================
Received Import Request.
  Time since last request: 98.618179 seconds.
  path: Assets/Scenes/Level 1.unity
  artifactKey: Guid(f7306f59bce22c84eb0e813684133c92) Importer(815301076,1909f56bfc062723c751e8b465ee728b)
Start importing Assets/Scenes/Level 1.unity using Guid(f7306f59bce22c84eb0e813684133c92) Importer(815301076,1909f56bfc062723c751e8b465ee728b)  -> (artifact id: 'e297ae5456799d116e717e3a98427c85') in 0.027495 seconds 
========================================================================
Received Prepare
Registering precompiled user dll's ...
Registered in 0.007929 seconds.
Begin MonoManager ReloadAssembly
Native extension for WindowsStandalone target not found
Refreshing native plugins compatible for Editor in 0.63 ms, found 2 plugins.
Preloading 0 native plugins for Editor in 0.00 ms.
Mono: successfully reloaded assembly
- Completed reload, in  1.357 seconds
Platform modules already initialized, skipping
Refreshing native plugins compatible for Editor in 0.63 ms, found 2 plugins.
Preloading 0 native plugins for Editor in 0.00 ms.
Unloading 3372 Unused Serialized files (Serialized files now loaded: 0)
System memory in use before: 128.3 MB.
System memory in use after: 128.4 MB.

Unloading 17 unused Assets to reduce memory usage. Loaded Objects now: 3867.
Total: 12.592400 ms (FindLiveObjects: 0.271000 ms CreateObjectMapping: 0.162300 ms MarkObjects: 12.011200 ms  DeleteObjects: 0.146400 ms)

========================================================================
Received Prepare
Registering precompiled user dll's ...
Registered in 0.008079 seconds.
Begin MonoManager ReloadAssembly
Native extension for WindowsStandalone target not found
Refreshing native plugins compatible for Editor in 0.76 ms, found 2 plugins.
Preloading 0 native plugins for Editor in 0.00 ms.
Mono: successfully reloaded assembly
- Completed reload, in  1.280 seconds
Platform modules already initialized, skipping
Refreshing native plugins compatible for Editor in 0.62 ms, found 2 plugins.
Preloading 0 native plugins for Editor in 0.00 ms.
Unloading 3372 Unused Serialized files (Serialized files now loaded: 0)
System memory in use before: 128.3 MB.
System memory in use after: 128.4 MB.

Unloading 17 unused Assets to reduce memory usage. Loaded Objects now: 3871.
Total: 3.064000 ms (FindLiveObjects: 0.266200 ms CreateObjectMapping: 0.153300 ms MarkObjects: 2.538800 ms  DeleteObjects: 0.104600 ms)

========================================================================
Received Prepare
Registering precompiled user dll's ...
Registered in 0.008072 seconds.
Begin MonoManager ReloadAssembly
Native extension for WindowsStandalone target not found
Refreshing native plugins compatible for Editor in 0.64 ms, found 2 plugins.
Preloading 0 native plugins for Editor in 0.00 ms.
Mono: successfully reloaded assembly
- Completed reload, in  1.439 seconds
Platform modules already initialized, skipping
Refreshing native plugins compatible for Editor in 0.61 ms, found 2 plugins.
Preloading 0 native plugins for Editor in 0.00 ms.
Unloading 3372 Unused Serialized files (Serialized files now loaded: 0)
System memory in use before: 128.3 MB.
System memory in use after: 128.4 MB.

Unloading 17 unused Assets to reduce memory usage. Loaded Objects now: 3875.
Total: 3.150700 ms (FindLiveObjects: 0.302500 ms CreateObjectMapping: 0.195800 ms MarkObjects: 2.543000 ms  DeleteObjects: 0.108200 ms)

========================================================================
Received Import Request.
  Time since last request: 601.539819 seconds.
  path: Assets/Scenes/Level 1.unity
  artifactKey: Guid(f7306f59bce22c84eb0e813684133c92) Importer(815301076,1909f56bfc062723c751e8b465ee728b)
Start importing Assets/Scenes/Level 1.unity using Guid(f7306f59bce22c84eb0e813684133c92) Importer(815301076,1909f56bfc062723c751e8b465ee728b)  -> (artifact id: '12a6b99b51cc2c45daef0099b630cf75') in 0.026298 seconds 
========================================================================
Received Prepare
Registering precompiled user dll's ...
Registered in 0.008987 seconds.
Begin MonoManager ReloadAssembly
Native extension for WindowsStandalone target not found
Refreshing native plugins compatible for Editor in 0.69 ms, found 2 plugins.
Preloading 0 native plugins for Editor in 0.00 ms.
Mono: successfully reloaded assembly
- Completed reload, in  1.364 seconds
Platform modules already initialized, skipping
Refreshing native plugins compatible for Editor in 0.65 ms, found 2 plugins.
Preloading 0 native plugins for Editor in 0.00 ms.
Unloading 3372 Unused Serialized files (Serialized files now loaded: 0)
System memory in use before: 128.4 MB.
System memory in use after: 128.5 MB.

Unloading 17 unused Assets to reduce memory usage. Loaded Objects now: 3879.
Total: 3.197600 ms (FindLiveObjects: 0.363900 ms CreateObjectMapping: 0.219800 ms MarkObjects: 2.502600 ms  DeleteObjects: 0.110000 ms)

========================================================================
Received Import Request.
  Time since last request: 160.062463 seconds.
  path: Assets/Materials/TestPalette.prefab
  artifactKey: Guid(5d5a7226dc8e2ed428ddf1142033f649) Importer(815301076,1909f56bfc062723c751e8b465ee728b)
Start importing Assets/Materials/TestPalette.prefab using Guid(5d5a7226dc8e2ed428ddf1142033f649) Importer(815301076,1909f56bfc062723c751e8b465ee728b)  -> (artifact id: '0f231f6396d9a1a24d66a5baec628ec8') in 0.080982 seconds 
========================================================================
Received Import Request.
  Time since last request: 1.676047 seconds.
  path: Assets/Prefabs/Arrow.prefab
  artifactKey: Guid(ba268ce9f5436314389cddda42fc5a78) Importer(815301076,1909f56bfc062723c751e8b465ee728b)
Start importing Assets/Prefabs/Arrow.prefab using Guid(ba268ce9f5436314389cddda42fc5a78) Importer(815301076,1909f56bfc062723c751e8b465ee728b)  -> (artifact id: '5079b18de99d12e18c7331ac9926d24e') in 0.082335 seconds 
========================================================================
Received Import Request.
  Time since last request: 0.000351 seconds.
  path: Assets/Prefabs/Box.prefab
  artifactKey: Guid(53ffa206d6b8a5243ab15c9b92fe8193) Importer(815301076,1909f56bfc062723c751e8b465ee728b)
Start importing Assets/Prefabs/Box.prefab using Guid(53ffa206d6b8a5243ab15c9b92fe8193) Importer(815301076,1909f56bfc062723c751e8b465ee728b)  -> (artifact id: 'ef172cadcb91b197c58d57f5e2d5b6a0') in 0.029378 seconds 
========================================================================
Received Import Request.
  Time since last request: 0.000368 seconds.
  path: Assets/Prefabs/Guard.prefab
  artifactKey: Guid(5b9b6b4a376fdb0488f5c48d05c06596) Importer(815301076,1909f56bfc062723c751e8b465ee728b)
Start importing Assets/Prefabs/Guard.prefab using Guid(5b9b6b4a376fdb0488f5c48d05c06596) Importer(815301076,1909f56bfc062723c751e8b465ee728b)  -> (artifact id: 'a89ffdedf37f20a11fdc149c0d09007c') in 0.027589 seconds 
========================================================================
Received Import Request.
  Time since last request: 0.000332 seconds.
  path: Assets/Prefabs/Crossbow.prefab
  artifactKey: Guid(397b70a4318c6ad4ba8284ed9bb26b14) Importer(815301076,1909f56bfc062723c751e8b465ee728b)
Start importing Assets/Prefabs/Crossbow.prefab using Guid(397b70a4318c6ad4ba8284ed9bb26b14) Importer(815301076,1909f56bfc062723c751e8b465ee728b)  -> (artifact id: '6c540cc61107d699459c2bfcda490247') in 0.023290 seconds 
========================================================================
Received Import Request.
  Time since last request: 0.000338 seconds.
  path: Assets/Prefabs/Player.prefab
  artifactKey: Guid(ce754609f8b77bf4ea98f44aeabe01b2) Importer(815301076,1909f56bfc062723c751e8b465ee728b)
Start importing Assets/Prefabs/Player.prefab using Guid(ce754609f8b77bf4ea98f44aeabe01b2) Importer(815301076,1909f56bfc062723c751e8b465ee728b)  -> (artifact id: '86c835ef48cc591db5a794460911e305') in 0.016890 seconds 
========================================================================
Received Prepare
Registering precompiled user dll's ...
Registered in 0.008332 seconds.
Begin MonoManager ReloadAssembly
Native extension for WindowsStandalone target not found
Refreshing native plugins compatible for Editor in 0.62 ms, found 2 plugins.
Preloading 0 native plugins for Editor in 0.00 ms.
Mono: successfully reloaded assembly
- Completed reload, in  1.390 seconds
Platform modules already initialized, skipping
Refreshing native plugins compatible for Editor in 0.83 ms, found 2 plugins.
Preloading 0 native plugins for Editor in 0.00 ms.
Unloading 3372 Unused Serialized files (Serialized files now loaded: 0)
System memory in use before: 132.0 MB.
System memory in use after: 132.1 MB.

Unloading 17 unused Assets to reduce memory usage. Loaded Objects now: 3890.
Total: 3.072500 ms (FindLiveObjects: 0.278800 ms CreateObjectMapping: 0.144100 ms MarkObjects: 2.547500 ms  DeleteObjects: 0.101100 ms)

========================================================================
Received Prepare
Registering precompiled user dll's ...
Registered in 0.007491 seconds.
Begin MonoManager ReloadAssembly
Native extension for WindowsStandalone target not found
Refreshing native plugins compatible for Editor in 1.10 ms, found 2 plugins.
Preloading 0 native plugins for Editor in 0.00 ms.
Mono: successfully reloaded assembly
- Completed reload, in  1.369 seconds
Platform modules already initialized, skipping
Refreshing native plugins compatible for Editor in 0.67 ms, found 2 plugins.
Preloading 0 native plugins for Editor in 0.00 ms.
Unloading 3372 Unused Serialized files (Serialized files now loaded: 0)
System memory in use before: 132.0 MB.
System memory in use after: 132.1 MB.

Unloading 17 unused Assets to reduce memory usage. Loaded Objects now: 3894.
Total: 3.212900 ms (FindLiveObjects: 0.292300 ms CreateObjectMapping: 0.192100 ms MarkObjects: 2.594700 ms  DeleteObjects: 0.132500 ms)

========================================================================
Received Import Request.
  Time since last request: 193.305485 seconds.
  path: Assets/Prefabs
  artifactKey: Guid(7dfa2befcb4ebb14dadc23994fde39a5) Importer(815301076,1909f56bfc062723c751e8b465ee728b)
Start importing Assets/Prefabs using Guid(7dfa2befcb4ebb14dadc23994fde39a5) Importer(815301076,1909f56bfc062723c751e8b465ee728b)  -> (artifact id: '0d77cea7cb9c57a566f962976d6872ba') in 0.011826 seconds 
========================================================================
Received Import Request.
  Time since last request: 38.683639 seconds.
  path: Assets/Scenes/Levels
  artifactKey: Guid(c99c53d6d7f72034bb4b3e9486fa253e) Importer(815301076,1909f56bfc062723c751e8b465ee728b)
Start importing Assets/Scenes/Levels using Guid(c99c53d6d7f72034bb4b3e9486fa253e) Importer(815301076,1909f56bfc062723c751e8b465ee728b)  -> (artifact id: '25b01caadf359c72d732dfe8ae180023') in 0.006241 seconds 
========================================================================
Received Import Request.
  Time since last request: 1.093076 seconds.
  path: Assets/Scenes/Level 1.unity
  artifactKey: Guid(f7306f59bce22c84eb0e813684133c92) Importer(815301076,1909f56bfc062723c751e8b465ee728b)
Start importing Assets/Scenes/Level 1.unity using Guid(f7306f59bce22c84eb0e813684133c92) Importer(815301076,1909f56bfc062723c751e8b465ee728b)  -> (artifact id: '9aa9012ac6556bc9f73660958fb52525') in 0.024424 seconds 
========================================================================
Received Prepare
Registering precompiled user dll's ...
Registered in 0.006260 seconds.
Begin MonoManager ReloadAssembly
Native extension for WindowsStandalone target not found
Refreshing native plugins compatible for Editor in 0.93 ms, found 2 plugins.
Preloading 0 native plugins for Editor in 0.00 ms.
Mono: successfully reloaded assembly
- Completed reload, in  1.106 seconds
Platform modules already initialized, skipping
Refreshing native plugins compatible for Editor in 0.91 ms, found 2 plugins.
Preloading 0 native plugins for Editor in 0.00 ms.
Unloading 3372 Unused Serialized files (Serialized files now loaded: 0)
System memory in use before: 132.1 MB.
System memory in use after: 132.2 MB.

Unloading 17 unused Assets to reduce memory usage. Loaded Objects now: 3898.
Total: 2.300900 ms (FindLiveObjects: 0.255800 ms CreateObjectMapping: 0.153900 ms MarkObjects: 1.805000 ms  DeleteObjects: 0.085000 ms)

========================================================================
Received Prepare
Registering precompiled user dll's ...
Registered in 0.005841 seconds.
Begin MonoManager ReloadAssembly
Native extension for WindowsStandalone target not found
Refreshing native plugins compatible for Editor in 0.65 ms, found 2 plugins.
Preloading 0 native plugins for Editor in 0.00 ms.
Mono: successfully reloaded assembly
- Completed reload, in  1.073 seconds
Platform modules already initialized, skipping
Refreshing native plugins compatible for Editor in 0.63 ms, found 2 plugins.
Preloading 0 native plugins for Editor in 0.00 ms.
Unloading 3372 Unused Serialized files (Serialized files now loaded: 0)
System memory in use before: 132.1 MB.
System memory in use after: 132.2 MB.

Unloading 17 unused Assets to reduce memory usage. Loaded Objects now: 3902.
Total: 2.608500 ms (FindLiveObjects: 0.266100 ms CreateObjectMapping: 0.152700 ms MarkObjects: 2.098200 ms  DeleteObjects: 0.090500 ms)

========================================================================
Received Prepare
Registering precompiled user dll's ...
Registered in 0.006184 seconds.
Begin MonoManager ReloadAssembly
Native extension for WindowsStandalone target not found
Refreshing native plugins compatible for Editor in 0.61 ms, found 2 plugins.
Preloading 0 native plugins for Editor in 0.00 ms.
Mono: successfully reloaded assembly
- Completed reload, in  1.133 seconds
Platform modules already initialized, skipping
Refreshing native plugins compatible for Editor in 0.97 ms, found 2 plugins.
Preloading 0 native plugins for Editor in 0.00 ms.
Unloading 3372 Unused Serialized files (Serialized files now loaded: 0)
System memory in use before: 132.1 MB.
System memory in use after: 132.2 MB.

Unloading 17 unused Assets to reduce memory usage. Loaded Objects now: 3906.
Total: 2.513000 ms (FindLiveObjects: 0.239000 ms CreateObjectMapping: 0.157900 ms MarkObjects: 2.029800 ms  DeleteObjects: 0.085600 ms)

========================================================================
Received Prepare
Registering precompiled user dll's ...
Registered in 0.005683 seconds.
Begin MonoManager ReloadAssembly
Native extension for WindowsStandalone target not found
Refreshing native plugins compatible for Editor in 0.58 ms, found 2 plugins.
Preloading 0 native plugins for Editor in 0.00 ms.
Mono: successfully reloaded assembly
- Completed reload, in  1.102 seconds
Platform modules already initialized, skipping
Refreshing native plugins compatible for Editor in 0.61 ms, found 2 plugins.
Preloading 0 native plugins for Editor in 0.00 ms.
Unloading 3372 Unused Serialized files (Serialized files now loaded: 0)
System memory in use before: 132.1 MB.
System memory in use after: 132.2 MB.

Unloading 17 unused Assets to reduce memory usage. Loaded Objects now: 3910.
Total: 2.702700 ms (FindLiveObjects: 0.260900 ms CreateObjectMapping: 0.163500 ms MarkObjects: 2.188700 ms  DeleteObjects: 0.088700 ms)

========================================================================
Received Prepare
Registering precompiled user dll's ...
Registered in 0.005825 seconds.
Begin MonoManager ReloadAssembly
Native extension for WindowsStandalone target not found
Refreshing native plugins compatible for Editor in 0.60 ms, found 2 plugins.
Preloading 0 native plugins for Editor in 0.00 ms.
Mono: successfully reloaded assembly
- Completed reload, in  1.100 seconds
Platform modules already initialized, skipping
Refreshing native plugins compatible for Editor in 0.61 ms, found 2 plugins.
Preloading 0 native plugins for Editor in 0.00 ms.
Unloading 3372 Unused Serialized files (Serialized files now loaded: 0)
System memory in use before: 132.1 MB.
System memory in use after: 132.2 MB.

Unloading 17 unused Assets to reduce memory usage. Loaded Objects now: 3914.
Total: 2.741700 ms (FindLiveObjects: 0.246200 ms CreateObjectMapping: 0.126500 ms MarkObjects: 2.276400 ms  DeleteObjects: 0.091800 ms)

========================================================================
Received Prepare
Registering precompiled user dll's ...
Registered in 0.005968 seconds.
Begin MonoManager ReloadAssembly
Native extension for WindowsStandalone target not found
Refreshing native plugins compatible for Editor in 0.59 ms, found 2 plugins.
Preloading 0 native plugins for Editor in 0.00 ms.
Mono: successfully reloaded assembly
- Completed reload, in  1.086 seconds
Platform modules already initialized, skipping
Refreshing native plugins compatible for Editor in 0.59 ms, found 2 plugins.
Preloading 0 native plugins for Editor in 0.00 ms.
Unloading 3372 Unused Serialized files (Serialized files now loaded: 0)
System memory in use before: 132.1 MB.
System memory in use after: 132.2 MB.

Unloading 17 unused Assets to reduce memory usage. Loaded Objects now: 3918.
Total: 2.783700 ms (FindLiveObjects: 0.252100 ms CreateObjectMapping: 0.137100 ms MarkObjects: 2.303300 ms  DeleteObjects: 0.090300 ms)

========================================================================
Received Prepare
Registering precompiled user dll's ...
Registered in 0.006379 seconds.
Begin MonoManager ReloadAssembly
Native extension for WindowsStandalone target not found
Refreshing native plugins compatible for Editor in 0.58 ms, found 2 plugins.
Preloading 0 native plugins for Editor in 0.00 ms.
Mono: successfully reloaded assembly
- Completed reload, in  1.076 seconds
Platform modules already initialized, skipping
Refreshing native plugins compatible for Editor in 0.61 ms, found 2 plugins.
Preloading 0 native plugins for Editor in 0.00 ms.
Unloading 3372 Unused Serialized files (Serialized files now loaded: 0)
System memory in use before: 132.1 MB.
System memory in use after: 132.2 MB.

Unloading 17 unused Assets to reduce memory usage. Loaded Objects now: 3922.
Total: 2.838300 ms (FindLiveObjects: 0.247500 ms CreateObjectMapping: 0.122700 ms MarkObjects: 2.373800 ms  DeleteObjects: 0.093200 ms)

========================================================================
Received Prepare
Registering precompiled user dll's ...
Registered in 0.006005 seconds.
Begin MonoManager ReloadAssembly
Native extension for WindowsStandalone target not found
Refreshing native plugins compatible for Editor in 0.59 ms, found 2 plugins.
Preloading 0 native plugins for Editor in 0.00 ms.
Mono: successfully reloaded assembly
- Completed reload, in  1.096 seconds
Platform modules already initialized, skipping
Refreshing native plugins compatible for Editor in 0.56 ms, found 2 plugins.
Preloading 0 native plugins for Editor in 0.00 ms.
Unloading 3372 Unused Serialized files (Serialized files now loaded: 0)
System memory in use before: 132.1 MB.
System memory in use after: 132.2 MB.

Unloading 17 unused Assets to reduce memory usage. Loaded Objects now: 3926.
Total: 2.505200 ms (FindLiveObjects: 0.251100 ms CreateObjectMapping: 0.132500 ms MarkObjects: 2.036000 ms  DeleteObjects: 0.084200 ms)

========================================================================
Received Prepare
Registering precompiled user dll's ...
Registered in 0.005734 seconds.
Begin MonoManager ReloadAssembly
Native extension for WindowsStandalone target not found
Refreshing native plugins compatible for Editor in 0.58 ms, found 2 plugins.
Preloading 0 native plugins for Editor in 0.00 ms.
Mono: successfully reloaded assembly
- Completed reload, in  1.115 seconds
Platform modules already initialized, skipping
Refreshing native plugins compatible for Editor in 0.60 ms, found 2 plugins.
Preloading 0 native plugins for Editor in 0.00 ms.
Unloading 3372 Unused Serialized files (Serialized files now loaded: 0)
System memory in use before: 132.1 MB.
System memory in use after: 132.2 MB.

Unloading 17 unused Assets to reduce memory usage. Loaded Objects now: 3930.
Total: 2.517800 ms (FindLiveObjects: 0.252900 ms CreateObjectMapping: 0.128200 ms MarkObjects: 2.048500 ms  DeleteObjects: 0.087400 ms)

========================================================================
Received Prepare
Registering precompiled user dll's ...
Registered in 0.005847 seconds.
Begin MonoManager ReloadAssembly
Native extension for WindowsStandalone target not found
Refreshing native plugins compatible for Editor in 0.63 ms, found 2 plugins.
Preloading 0 native plugins for Editor in 0.00 ms.
Mono: successfully reloaded assembly
- Completed reload, in  1.163 seconds
Platform modules already initialized, skipping
Refreshing native plugins compatible for Editor in 0.59 ms, found 2 plugins.
Preloading 0 native plugins for Editor in 0.00 ms.
Unloading 3372 Unused Serialized files (Serialized files now loaded: 0)
System memory in use before: 132.1 MB.
System memory in use after: 132.2 MB.

Unloading 17 unused Assets to reduce memory usage. Loaded Objects now: 3934.
Total: 2.886200 ms (FindLiveObjects: 0.281500 ms CreateObjectMapping: 0.149700 ms MarkObjects: 2.362600 ms  DeleteObjects: 0.091600 ms)

========================================================================
Received Prepare
Registering precompiled user dll's ...
Registered in 0.006018 seconds.
Begin MonoManager ReloadAssembly
Native extension for WindowsStandalone target not found
Refreshing native plugins compatible for Editor in 0.69 ms, found 2 plugins.
Preloading 0 native plugins for Editor in 0.00 ms.
Mono: successfully reloaded assembly
- Completed reload, in  1.214 seconds
Platform modules already initialized, skipping
Refreshing native plugins compatible for Editor in 0.62 ms, found 2 plugins.
Preloading 0 native plugins for Editor in 0.00 ms.
Unloading 3372 Unused Serialized files (Serialized files now loaded: 0)
System memory in use before: 132.1 MB.
System memory in use after: 132.2 MB.

Unloading 17 unused Assets to reduce memory usage. Loaded Objects now: 3938.
Total: 3.106200 ms (FindLiveObjects: 0.278300 ms CreateObjectMapping: 0.200900 ms MarkObjects: 2.522300 ms  DeleteObjects: 0.103700 ms)

========================================================================
Received Prepare
Registering precompiled user dll's ...
Registered in 0.006109 seconds.
Begin MonoManager ReloadAssembly
Native extension for WindowsStandalone target not found
Refreshing native plugins compatible for Editor in 0.66 ms, found 2 plugins.
Preloading 0 native plugins for Editor in 0.00 ms.
Mono: successfully reloaded assembly
- Completed reload, in  1.107 seconds
Platform modules already initialized, skipping
Refreshing native plugins compatible for Editor in 0.64 ms, found 2 plugins.
Preloading 0 native plugins for Editor in 0.00 ms.
Unloading 3372 Unused Serialized files (Serialized files now loaded: 0)
System memory in use before: 132.1 MB.
System memory in use after: 132.2 MB.

Unloading 17 unused Assets to reduce memory usage. Loaded Objects now: 3942.
Total: 2.821300 ms (FindLiveObjects: 0.269100 ms CreateObjectMapping: 0.142200 ms MarkObjects: 2.316800 ms  DeleteObjects: 0.092400 ms)

========================================================================
Received Prepare
Registering precompiled user dll's ...
Registered in 0.005707 seconds.
Begin MonoManager ReloadAssembly
Native extension for WindowsStandalone target not found
Refreshing native plugins compatible for Editor in 0.68 ms, found 2 plugins.
Preloading 0 native plugins for Editor in 0.00 ms.
Mono: successfully reloaded assembly
- Completed reload, in  1.168 seconds
Platform modules already initialized, skipping
Refreshing native plugins compatible for Editor in 0.73 ms, found 2 plugins.
Preloading 0 native plugins for Editor in 0.00 ms.
Unloading 3372 Unused Serialized files (Serialized files now loaded: 0)
System memory in use before: 132.2 MB.
System memory in use after: 132.3 MB.

Unloading 17 unused Assets to reduce memory usage. Loaded Objects now: 3946.
Total: 3.413700 ms (FindLiveObjects: 0.260900 ms CreateObjectMapping: 0.179600 ms MarkObjects: 2.836300 ms  DeleteObjects: 0.135300 ms)

========================================================================
Received Prepare
Registering precompiled user dll's ...
Registered in 0.005775 seconds.
Begin MonoManager ReloadAssembly
Native extension for WindowsStandalone target not found
Refreshing native plugins compatible for Editor in 0.58 ms, found 2 plugins.
Preloading 0 native plugins for Editor in 0.00 ms.
Mono: successfully reloaded assembly
- Completed reload, in  1.122 seconds
Platform modules already initialized, skipping
Refreshing native plugins compatible for Editor in 0.57 ms, found 2 plugins.
Preloading 0 native plugins for Editor in 0.00 ms.
Unloading 3372 Unused Serialized files (Serialized files now loaded: 0)
System memory in use before: 132.2 MB.
System memory in use after: 132.3 MB.

Unloading 17 unused Assets to reduce memory usage. Loaded Objects now: 3950.
Total: 2.786500 ms (FindLiveObjects: 0.247500 ms CreateObjectMapping: 0.127300 ms MarkObjects: 2.323300 ms  DeleteObjects: 0.087600 ms)

========================================================================
Received Prepare
Registering precompiled user dll's ...
Registered in 0.006815 seconds.
Begin MonoManager ReloadAssembly
Native extension for WindowsStandalone target not found
Refreshing native plugins compatible for Editor in 0.69 ms, found 2 plugins.
Preloading 0 native plugins for Editor in 0.00 ms.
Mono: successfully reloaded assembly
- Completed reload, in  1.043 seconds
Platform modules already initialized, skipping
Refreshing native plugins compatible for Editor in 0.56 ms, found 2 plugins.
Preloading 0 native plugins for Editor in 0.00 ms.
Unloading 3372 Unused Serialized files (Serialized files now loaded: 0)
System memory in use before: 132.2 MB.
System memory in use after: 132.3 MB.

Unloading 17 unused Assets to reduce memory usage. Loaded Objects now: 3954.
Total: 2.700400 ms (FindLiveObjects: 0.252800 ms CreateObjectMapping: 0.143600 ms MarkObjects: 2.213400 ms  DeleteObjects: 0.088100 ms)

========================================================================
Received Import Request.
  Time since last request: 2301.739181 seconds.
  path: Assets/Scenes/Levels/Level 2.unity
  artifactKey: Guid(87496bdc950581f40bd2e153857fa2bd) Importer(815301076,1909f56bfc062723c751e8b465ee728b)
Start importing Assets/Scenes/Levels/Level 2.unity using Guid(87496bdc950581f40bd2e153857fa2bd) Importer(815301076,1909f56bfc062723c751e8b465ee728b)  -> (artifact id: '74bcbacb89db2ba6b3d0f6cc5dbbb8b9') in 0.016058 seconds 
========================================================================
Received Prepare
Registering precompiled user dll's ...
Registered in 0.007825 seconds.
Begin MonoManager ReloadAssembly
Native extension for WindowsStandalone target not found
Refreshing native plugins compatible for Editor in 0.60 ms, found 2 plugins.
Preloading 0 native plugins for Editor in 0.00 ms.
Mono: successfully reloaded assembly
- Completed reload, in  1.110 seconds
Platform modules already initialized, skipping
Refreshing native plugins compatible for Editor in 0.65 ms, found 2 plugins.
Preloading 0 native plugins for Editor in 0.00 ms.
Unloading 3372 Unused Serialized files (Serialized files now loaded: 0)
System memory in use before: 132.2 MB.
System memory in use after: 132.3 MB.

Unloading 17 unused Assets to reduce memory usage. Loaded Objects now: 3958.
Total: 3.040700 ms (FindLiveObjects: 0.265800 ms CreateObjectMapping: 0.131100 ms MarkObjects: 2.535600 ms  DeleteObjects: 0.107000 ms)

========================================================================
Received Prepare
Registering precompiled user dll's ...
Registered in 0.006738 seconds.
Begin MonoManager ReloadAssembly
Native extension for WindowsStandalone target not found
Refreshing native plugins compatible for Editor in 0.63 ms, found 2 plugins.
Preloading 0 native plugins for Editor in 0.00 ms.
Mono: successfully reloaded assembly
- Completed reload, in  1.135 seconds
Platform modules already initialized, skipping
Refreshing native plugins compatible for Editor in 0.58 ms, found 2 plugins.
Preloading 0 native plugins for Editor in 0.00 ms.
Unloading 3372 Unused Serialized files (Serialized files now loaded: 0)
System memory in use before: 132.2 MB.
System memory in use after: 132.3 MB.

Unloading 17 unused Assets to reduce memory usage. Loaded Objects now: 3962.
Total: 2.760600 ms (FindLiveObjects: 0.259200 ms CreateObjectMapping: 0.136900 ms MarkObjects: 2.271500 ms  DeleteObjects: 0.092100 ms)

========================================================================
Received Prepare
Registering precompiled user dll's ...
Registered in 0.006434 seconds.
Begin MonoManager ReloadAssembly
Native extension for WindowsStandalone target not found
Refreshing native plugins compatible for Editor in 1.03 ms, found 2 plugins.
Preloading 0 native plugins for Editor in 0.00 ms.
Mono: successfully reloaded assembly
- Completed reload, in  1.090 seconds
Platform modules already initialized, skipping
Refreshing native plugins compatible for Editor in 0.58 ms, found 2 plugins.
Preloading 0 native plugins for Editor in 0.00 ms.
Unloading 3372 Unused Serialized files (Serialized files now loaded: 0)
System memory in use before: 132.2 MB.
System memory in use after: 132.3 MB.

Unloading 17 unused Assets to reduce memory usage. Loaded Objects now: 3966.
Total: 2.646500 ms (FindLiveObjects: 0.264700 ms CreateObjectMapping: 0.127100 ms MarkObjects: 2.158100 ms  DeleteObjects: 0.095500 ms)

========================================================================
Received Prepare
Registering precompiled user dll's ...
Registered in 0.007183 seconds.
Begin MonoManager ReloadAssembly
Native extension for WindowsStandalone target not found
Refreshing native plugins compatible for Editor in 0.58 ms, found 2 plugins.
Preloading 0 native plugins for Editor in 0.00 ms.
Mono: successfully reloaded assembly
- Completed reload, in  1.063 seconds
Platform modules already initialized, skipping
Refreshing native plugins compatible for Editor in 0.63 ms, found 2 plugins.
Preloading 0 native plugins for Editor in 0.00 ms.
Unloading 3372 Unused Serialized files (Serialized files now loaded: 0)
System memory in use before: 132.2 MB.
System memory in use after: 132.3 MB.

Unloading 17 unused Assets to reduce memory usage. Loaded Objects now: 3970.
Total: 3.240700 ms (FindLiveObjects: 0.261900 ms CreateObjectMapping: 0.194500 ms MarkObjects: 2.686900 ms  DeleteObjects: 0.096400 ms)

========================================================================
Received Import Request.
  Time since last request: 177.584434 seconds.
  path: Assets/Scenes/Levels/Level 2.unity
  artifactKey: Guid(87496bdc950581f40bd2e153857fa2bd) Importer(815301076,1909f56bfc062723c751e8b465ee728b)
Start importing Assets/Scenes/Levels/Level 2.unity using Guid(87496bdc950581f40bd2e153857fa2bd) Importer(815301076,1909f56bfc062723c751e8b465ee728b)  -> (artifact id: 'df34eafb21282bc1d95a74f54cff2ce4') in 0.016414 seconds 
========================================================================
Received Import Request.
  Time since last request: 46.939389 seconds.
  path: Assets/Scenes/Levels/Level 3.unity
  artifactKey: Guid(72f573ccc83425b48ae99915e95756ee) Importer(815301076,1909f56bfc062723c751e8b465ee728b)
Start importing Assets/Scenes/Levels/Level 3.unity using Guid(72f573ccc83425b48ae99915e95756ee) Importer(815301076,1909f56bfc062723c751e8b465ee728b)  -> (artifact id: '2781555f843e13fac3acd5fdb9212b63') in 0.005404 seconds 
========================================================================
Received Prepare
Registering precompiled user dll's ...
Registered in 0.005818 seconds.
Begin MonoManager ReloadAssembly
Native extension for WindowsStandalone target not found
Refreshing native plugins compatible for Editor in 0.57 ms, found 2 plugins.
Preloading 0 native plugins for Editor in 0.00 ms.
Mono: successfully reloaded assembly
- Completed reload, in  1.072 seconds
Platform modules already initialized, skipping
Refreshing native plugins compatible for Editor in 0.59 ms, found 2 plugins.
Preloading 0 native plugins for Editor in 0.00 ms.
Unloading 3372 Unused Serialized files (Serialized files now loaded: 0)
System memory in use before: 132.2 MB.
System memory in use after: 132.3 MB.

Unloading 17 unused Assets to reduce memory usage. Loaded Objects now: 3974.
Total: 2.606000 ms (FindLiveObjects: 0.259800 ms CreateObjectMapping: 0.150500 ms MarkObjects: 2.099400 ms  DeleteObjects: 0.095500 ms)

========================================================================
Received Prepare
Registering precompiled user dll's ...
Registered in 0.006359 seconds.
Begin MonoManager ReloadAssembly
Native extension for WindowsStandalone target not found
Refreshing native plugins compatible for Editor in 0.61 ms, found 2 plugins.
Preloading 0 native plugins for Editor in 0.00 ms.
Mono: successfully reloaded assembly
- Completed reload, in  1.056 seconds
Platform modules already initialized, skipping
Refreshing native plugins compatible for Editor in 0.60 ms, found 2 plugins.
Preloading 0 native plugins for Editor in 0.00 ms.
Unloading 3372 Unused Serialized files (Serialized files now loaded: 0)
System memory in use before: 132.2 MB.
System memory in use after: 132.3 MB.

Unloading 17 unused Assets to reduce memory usage. Loaded Objects now: 3978.
Total: 2.788600 ms (FindLiveObjects: 0.258000 ms CreateObjectMapping: 0.125900 ms MarkObjects: 2.302000 ms  DeleteObjects: 0.101600 ms)

========================================================================
Received Import Request.
  Time since last request: 288.385965 seconds.
  path: Assets/Scenes/Levels/Level 2.unity
  artifactKey: Guid(87496bdc950581f40bd2e153857fa2bd) Importer(815301076,1909f56bfc062723c751e8b465ee728b)
Start importing Assets/Scenes/Levels/Level 2.unity using Guid(87496bdc950581f40bd2e153857fa2bd) Importer(815301076,1909f56bfc062723c751e8b465ee728b)  -> (artifact id: 'b462260982029962a72f7017d42949b2') in 0.015511 seconds 
========================================================================
Received Prepare
Registering precompiled user dll's ...
Registered in 0.005984 seconds.
Begin MonoManager ReloadAssembly
Native extension for WindowsStandalone target not found
Refreshing native plugins compatible for Editor in 0.57 ms, found 2 plugins.
Preloading 0 native plugins for Editor in 0.00 ms.
Mono: successfully reloaded assembly
- Completed reload, in  1.103 seconds
Platform modules already initialized, skipping
Refreshing native plugins compatible for Editor in 0.79 ms, found 2 plugins.
Preloading 0 native plugins for Editor in 0.00 ms.
Unloading 3372 Unused Serialized files (Serialized files now loaded: 0)
System memory in use before: 132.3 MB.
System memory in use after: 132.4 MB.

Unloading 17 unused Assets to reduce memory usage. Loaded Objects now: 3982.
Total: 2.758800 ms (FindLiveObjects: 0.257800 ms CreateObjectMapping: 0.130700 ms MarkObjects: 2.279200 ms  DeleteObjects: 0.090200 ms)

========================================================================
Received Prepare
Registering precompiled user dll's ...
Registered in 0.005796 seconds.
Begin MonoManager ReloadAssembly
Native extension for WindowsStandalone target not found
Refreshing native plugins compatible for Editor in 0.66 ms, found 2 plugins.
Preloading 0 native plugins for Editor in 0.00 ms.
Mono: successfully reloaded assembly
- Completed reload, in  1.111 seconds
Platform modules already initialized, skipping
Refreshing native plugins compatible for Editor in 0.58 ms, found 2 plugins.
Preloading 0 native plugins for Editor in 0.00 ms.
Unloading 3372 Unused Serialized files (Serialized files now loaded: 0)
System memory in use before: 132.3 MB.
System memory in use after: 132.4 MB.

Unloading 17 unused Assets to reduce memory usage. Loaded Objects now: 3986.
Total: 2.572800 ms (FindLiveObjects: 0.266100 ms CreateObjectMapping: 0.138000 ms MarkObjects: 2.076100 ms  DeleteObjects: 0.091600 ms)

========================================================================
Received Prepare
Registering precompiled user dll's ...
Registered in 0.006462 seconds.
Begin MonoManager ReloadAssembly
Native extension for WindowsStandalone target not found
Refreshing native plugins compatible for Editor in 0.63 ms, found 2 plugins.
Preloading 0 native plugins for Editor in 0.00 ms.
Mono: successfully reloaded assembly
- Completed reload, in  1.110 seconds
Platform modules already initialized, skipping
Refreshing native plugins compatible for Editor in 0.57 ms, found 2 plugins.
Preloading 0 native plugins for Editor in 0.00 ms.
Unloading 3372 Unused Serialized files (Serialized files now loaded: 0)
System memory in use before: 132.3 MB.
System memory in use after: 132.4 MB.

Unloading 17 unused Assets to reduce memory usage. Loaded Objects now: 3990.
Total: 2.618400 ms (FindLiveObjects: 0.260400 ms CreateObjectMapping: 0.120500 ms MarkObjects: 2.061300 ms  DeleteObjects: 0.175400 ms)

========================================================================
Received Prepare
Registering precompiled user dll's ...
Registered in 0.005884 seconds.
Begin MonoManager ReloadAssembly
Native extension for WindowsStandalone target not found
Refreshing native plugins compatible for Editor in 0.68 ms, found 2 plugins.
Preloading 0 native plugins for Editor in 0.00 ms.
Mono: successfully reloaded assembly
- Completed reload, in  1.109 seconds
Platform modules already initialized, skipping
Refreshing native plugins compatible for Editor in 0.60 ms, found 2 plugins.
Preloading 0 native plugins for Editor in 0.00 ms.
Unloading 3372 Unused Serialized files (Serialized files now loaded: 0)
System memory in use before: 132.3 MB.
System memory in use after: 132.4 MB.

Unloading 17 unused Assets to reduce memory usage. Loaded Objects now: 3994.
Total: 3.255800 ms (FindLiveObjects: 0.255100 ms CreateObjectMapping: 0.129200 ms MarkObjects: 2.745900 ms  DeleteObjects: 0.124300 ms)

========================================================================
Received Prepare
Registering precompiled user dll's ...
Registered in 0.006061 seconds.
Begin MonoManager ReloadAssembly
Native extension for WindowsStandalone target not found
Refreshing native plugins compatible for Editor in 0.94 ms, found 2 plugins.
Preloading 0 native plugins for Editor in 0.00 ms.
Mono: successfully reloaded assembly
- Completed reload, in  1.107 seconds
Platform modules already initialized, skipping
Refreshing native plugins compatible for Editor in 0.60 ms, found 2 plugins.
Preloading 0 native plugins for Editor in 0.00 ms.
Unloading 3372 Unused Serialized files (Serialized files now loaded: 0)
System memory in use before: 132.3 MB.
System memory in use after: 132.4 MB.

Unloading 17 unused Assets to reduce memory usage. Loaded Objects now: 3998.
Total: 2.855800 ms (FindLiveObjects: 0.296100 ms CreateObjectMapping: 0.154000 ms MarkObjects: 2.305000 ms  DeleteObjects: 0.099800 ms)

========================================================================
Received Prepare
Registering precompiled user dll's ...
Registered in 0.006697 seconds.
Begin MonoManager ReloadAssembly
Native extension for WindowsStandalone target not found
Refreshing native plugins compatible for Editor in 0.66 ms, found 2 plugins.
Preloading 0 native plugins for Editor in 0.00 ms.
Mono: successfully reloaded assembly
- Completed reload, in  1.051 seconds
Platform modules already initialized, skipping
Refreshing native plugins compatible for Editor in 0.58 ms, found 2 plugins.
Preloading 0 native plugins for Editor in 0.00 ms.
Unloading 3372 Unused Serialized files (Serialized files now loaded: 0)
System memory in use before: 132.3 MB.
System memory in use after: 132.4 MB.

Unloading 17 unused Assets to reduce memory usage. Loaded Objects now: 4002.
Total: 2.731200 ms (FindLiveObjects: 0.252700 ms CreateObjectMapping: 0.129700 ms MarkObjects: 2.259400 ms  DeleteObjects: 0.088400 ms)

========================================================================
Received Import Request.
  Time since last request: 497.045165 seconds.
  path: Assets/Scenes/Levels/Level 2.unity
  artifactKey: Guid(87496bdc950581f40bd2e153857fa2bd) Importer(815301076,1909f56bfc062723c751e8b465ee728b)
Start importing Assets/Scenes/Levels/Level 2.unity using Guid(87496bdc950581f40bd2e153857fa2bd) Importer(815301076,1909f56bfc062723c751e8b465ee728b)  -> (artifact id: '31a88d825c6d93c2bb2a325ce2ef99bd') in 0.015781 seconds 
========================================================================
Received Prepare
Registering precompiled user dll's ...
Registered in 0.005834 seconds.
Begin MonoManager ReloadAssembly
Native extension for WindowsStandalone target not found
Refreshing native plugins compatible for Editor in 0.60 ms, found 2 plugins.
Preloading 0 native plugins for Editor in 0.00 ms.
Mono: successfully reloaded assembly
- Completed reload, in  1.049 seconds
Platform modules already initialized, skipping
Refreshing native plugins compatible for Editor in 0.60 ms, found 2 plugins.
Preloading 0 native plugins for Editor in 0.00 ms.
Unloading 3372 Unused Serialized files (Serialized files now loaded: 0)
System memory in use before: 132.3 MB.
System memory in use after: 132.4 MB.

Unloading 17 unused Assets to reduce memory usage. Loaded Objects now: 4006.
Total: 2.461900 ms (FindLiveObjects: 0.256000 ms CreateObjectMapping: 0.130300 ms MarkObjects: 1.982300 ms  DeleteObjects: 0.092600 ms)

========================================================================
Received Prepare
Registering precompiled user dll's ...
Registered in 0.006646 seconds.
Begin MonoManager ReloadAssembly
Native extension for WindowsStandalone target not found
Refreshing native plugins compatible for Editor in 0.70 ms, found 2 plugins.
Preloading 0 native plugins for Editor in 0.00 ms.
Mono: successfully reloaded assembly
- Completed reload, in  1.053 seconds
Platform modules already initialized, skipping
Refreshing native plugins compatible for Editor in 0.59 ms, found 2 plugins.
Preloading 0 native plugins for Editor in 0.00 ms.
Unloading 3372 Unused Serialized files (Serialized files now loaded: 0)
System memory in use before: 132.3 MB.
System memory in use after: 132.4 MB.

Unloading 17 unused Assets to reduce memory usage. Loaded Objects now: 4010.
Total: 2.445500 ms (FindLiveObjects: 0.261000 ms CreateObjectMapping: 0.132500 ms MarkObjects: 1.964300 ms  DeleteObjects: 0.087000 ms)

========================================================================
Received Prepare
Registering precompiled user dll's ...
Registered in 0.005997 seconds.
Begin MonoManager ReloadAssembly
Native extension for WindowsStandalone target not found
Refreshing native plugins compatible for Editor in 0.66 ms, found 2 plugins.
Preloading 0 native plugins for Editor in 0.00 ms.
Mono: successfully reloaded assembly
- Completed reload, in  1.093 seconds
Platform modules already initialized, skipping
Refreshing native plugins compatible for Editor in 0.58 ms, found 2 plugins.
Preloading 0 native plugins for Editor in 0.00 ms.
Unloading 3372 Unused Serialized files (Serialized files now loaded: 0)
System memory in use before: 132.3 MB.
System memory in use after: 132.4 MB.

Unloading 17 unused Assets to reduce memory usage. Loaded Objects now: 4014.
Total: 2.760200 ms (FindLiveObjects: 0.266100 ms CreateObjectMapping: 0.141900 ms MarkObjects: 2.210400 ms  DeleteObjects: 0.141000 ms)

========================================================================
Received Prepare
Registering precompiled user dll's ...
Registered in 0.006471 seconds.
Begin MonoManager ReloadAssembly
Native extension for WindowsStandalone target not found
Refreshing native plugins compatible for Editor in 0.57 ms, found 2 plugins.
Preloading 0 native plugins for Editor in 0.00 ms.
Mono: successfully reloaded assembly
- Completed reload, in  1.071 seconds
Platform modules already initialized, skipping
Refreshing native plugins compatible for Editor in 0.56 ms, found 2 plugins.
Preloading 0 native plugins for Editor in 0.00 ms.
Unloading 3372 Unused Serialized files (Serialized files now loaded: 0)
System memory in use before: 132.4 MB.
System memory in use after: 132.5 MB.

Unloading 17 unused Assets to reduce memory usage. Loaded Objects now: 4018.
Total: 2.858000 ms (FindLiveObjects: 0.250400 ms CreateObjectMapping: 0.130600 ms MarkObjects: 2.373200 ms  DeleteObjects: 0.102800 ms)

========================================================================
Received Import Request.
  Time since last request: 1355.199794 seconds.
  path: Assets/Scenes/Levels/Level 4.unity
  artifactKey: Guid(c6b737222cdf4f14dbf92878c4830a35) Importer(815301076,1909f56bfc062723c751e8b465ee728b)
Start importing Assets/Scenes/Levels/Level 4.unity using Guid(c6b737222cdf4f14dbf92878c4830a35) Importer(815301076,1909f56bfc062723c751e8b465ee728b)  -> (artifact id: '2bea0bc490648522a2be934f0b3fe4d7') in 0.016809 seconds 
========================================================================
Received Import Request.
  Time since last request: 87.235755 seconds.
  path: Assets/Scenes/Menus
  artifactKey: Guid(316e93c2c44a0a8458ad1da3aa067ef9) Importer(815301076,1909f56bfc062723c751e8b465ee728b)
Start importing Assets/Scenes/Menus using Guid(316e93c2c44a0a8458ad1da3aa067ef9) Importer(815301076,1909f56bfc062723c751e8b465ee728b)  -> (artifact id: '318c725648909ab5f5bdfe43eccdb851') in 0.007538 seconds 
========================================================================
Received Import Request.
  Time since last request: 174.791571 seconds.
  path: Assets/Scenes/Menus/Start.unity
  artifactKey: Guid(d6e6959eb9ce95f4b8ad8e2c235ef115) Importer(815301076,1909f56bfc062723c751e8b465ee728b)
Start importing Assets/Scenes/Menus/Start.unity using Guid(d6e6959eb9ce95f4b8ad8e2c235ef115) Importer(815301076,1909f56bfc062723c751e8b465ee728b)  -> (artifact id: '03d9aa05325714c0e43c420c46da627d') in 0.006767 seconds 
========================================================================
Received Import Request.
  Time since last request: 161.537101 seconds.
  path: Assets/GameManager.cs
  artifactKey: Guid(a0375f0335b7746448c14fc02188fef4) Importer(815301076,1909f56bfc062723c751e8b465ee728b)
Start importing Assets/GameManager.cs using Guid(a0375f0335b7746448c14fc02188fef4) Importer(815301076,1909f56bfc062723c751e8b465ee728b)  -> (artifact id: '67f49d7f4b071e4c5d623982bf2cdcb2') in 0.013158 seconds 
========================================================================
Received Prepare
Registering precompiled user dll's ...
Registered in 0.006390 seconds.
Begin MonoManager ReloadAssembly
Native extension for WindowsStandalone target not found
Refreshing native plugins compatible for Editor in 0.67 ms, found 2 plugins.
Preloading 0 native plugins for Editor in 0.00 ms.
Mono: successfully reloaded assembly
- Completed reload, in  1.181 seconds
Platform modules already initialized, skipping
Refreshing native plugins compatible for Editor in 0.59 ms, found 2 plugins.
Preloading 0 native plugins for Editor in 0.00 ms.
Unloading 3372 Unused Serialized files (Serialized files now loaded: 0)
System memory in use before: 132.4 MB.
System memory in use after: 132.5 MB.

Unloading 17 unused Assets to reduce memory usage. Loaded Objects now: 4022.
Total: 3.324100 ms (FindLiveObjects: 0.281600 ms CreateObjectMapping: 0.152500 ms MarkObjects: 2.697500 ms  DeleteObjects: 0.191400 ms)

========================================================================
Received Prepare
Registering precompiled user dll's ...
Registered in 0.006255 seconds.
Begin MonoManager ReloadAssembly
Native extension for WindowsStandalone target not found
Refreshing native plugins compatible for Editor in 0.68 ms, found 2 plugins.
Preloading 0 native plugins for Editor in 0.00 ms.
Mono: successfully reloaded assembly
- Completed reload, in  1.196 seconds
Platform modules already initialized, skipping
Refreshing native plugins compatible for Editor in 0.62 ms, found 2 plugins.
Preloading 0 native plugins for Editor in 0.00 ms.
Unloading 3372 Unused Serialized files (Serialized files now loaded: 0)
System memory in use before: 132.4 MB.
System memory in use after: 132.5 MB.

Unloading 17 unused Assets to reduce memory usage. Loaded Objects now: 4026.
Total: 2.709600 ms (FindLiveObjects: 0.254700 ms CreateObjectMapping: 0.129800 ms MarkObjects: 2.231500 ms  DeleteObjects: 0.092800 ms)

AssetImportWorkerClient::OnTransportError - code=2 error=End of file
